https://pastebin.ubuntu.com/p/fwkmrw9hjb/

main debug: processing request item: a445_victorious.mp3, node: Wiedergabeliste, skip: 0
main debug: resyncing on a445_victorious.mp3
main debug: a445_victorious.mp3 is at 83
main debug: starting playback of new item
main debug: resyncing on a445_victorious.mp3
main debug: a445_victorious.mp3 is at 83
main debug: creating new input thread
main debug: Creating an input for 'a445_victorious.mp3'
main debug: requesting art for new input thread
main debug: using timeshift granularity of 50 MiB
main debug: using timeshift path: C:\Users\ADMINI~2\AppData\Local\Temp
main debug: `file://networkpath/music/Anno%201404/a445_victorious.mp3' gives access `file' demux `any' path `networkpath/music/Anno%201404/a445_victorious.mp3'
main debug: creating demux: access='file' demux='any' location='networkpath/music/Anno%201404/a445_victorious.mp3' file='\\networkpath\music\Anno 1404\a445_victorious.mp3'
main debug: looking for access_demux module matching "file": 15 candidates
main debug: looking for meta fetcher module matching "any": 1 candidates
lua debug: Trying Lua scripts in C:\Users\SomeUser\AppData\Roaming\vlc\lua\meta\fetcher
lua debug: Trying Lua scripts in C:\Program Files\VideoLAN\VLC\lua\meta\fetcher
main debug: no meta fetcher modules matched
main debug: looking for art finder module matching "any": 2 candidates
qt debug: IM: Setting an input
lua debug: Trying Lua scripts in C:\Users\SomeUser\AppData\Roaming\vlc\lua\meta\art
lua debug: Trying Lua scripts in C:\Program Files\VideoLAN\VLC\lua\meta\art
lua debug: Trying Lua playlist script C:\Program Files\VideoLAN\VLC\lua\meta\art\00_musicbrainz.luac
lua debug: skipping script (unmatched scope) C:\Program Files\VideoLAN\VLC\lua\meta\art\00_musicbrainz.luac
lua debug: Trying Lua playlist script C:\Program Files\VideoLAN\VLC\lua\meta\art\01_googleimage.luac
lua debug: skipping script (unmatched scope) C:\Program Files\VideoLAN\VLC\lua\meta\art\01_googleimage.luac
lua debug: Trying Lua playlist script C:\Program Files\VideoLAN\VLC\lua\meta\art\02_frenchtv.luac
lua debug: skipping script (unmatched scope) C:\Program Files\VideoLAN\VLC\lua\meta\art\02_frenchtv.luac
lua debug: Trying Lua playlist script C:\Program Files\VideoLAN\VLC\lua\meta\art\03_lastfm.luac
lua debug: skipping script (unmatched scope) C:\Program Files\VideoLAN\VLC\lua\meta\art\03_lastfm.luac
main debug: no art finder modules matched
main debug: no access_demux modules matched
main debug: creating access: file://networkpath/music/Anno%201404/a445_victorious.mp3
main debug: (path: \\networkpath\music\Anno 1404\a445_victorious.mp3)
main debug: looking for access module matching "file": 26 candidates
main debug: using access module "filesystem"
main debug: looking for stream_filter module matching "prefetch,cache_read": 24 candidates
cache_read debug: Using stream method for AStream*
cache_read debug: starting pre-buffering
cache_read debug: received first data after 0 ms
cache_read debug: pre-buffering done 1024 bytes in 0s - 1000000 KiB/s
main debug: using stream_filter module "cache_read"
main debug: looking for stream_filter module matching "any": 24 candidates
skiptags debug: ID3v2.2 revision 0 tag found, skipping 4096 bytes
main debug: using stream_filter module "skiptags"
main debug: stream filter added to 0000022d4c0964c0
main debug: looking for stream_filter module matching "any": 24 candidates
lua debug: Trying Lua scripts in C:\Users\SomeUser\AppData\Roaming\vlc\lua\playlist
lua debug: Trying Lua scripts in C:\Program Files\VideoLAN\VLC\lua\playlist
lua debug: Trying Lua playlist script C:\Program Files\VideoLAN\VLC\lua\playlist\anevia_streams.luac
lua debug: Trying Lua playlist script C:\Program Files\VideoLAN\VLC\lua\playlist\anevia_xml.luac
lua debug: Trying Lua playlist script C:\Program Files\VideoLAN\VLC\lua\playlist\appletrailers.luac
lua debug: Trying Lua playlist script C:\Program Files\VideoLAN\VLC\lua\playlist\bbc_co_uk.luac
lua debug: Trying Lua playlist script C:\Program Files\VideoLAN\VLC\lua\playlist\cue.luac
lua debug: Trying Lua playlist script C:\Program Files\VideoLAN\VLC\lua\playlist\dailymotion.luac
lua debug: Trying Lua playlist script C:\Program Files\VideoLAN\VLC\lua\playlist\jamendo.luac
lua debug: Trying Lua playlist script C:\Program Files\VideoLAN\VLC\lua\playlist\koreus.luac
lua debug: Trying Lua playlist script C:\Program Files\VideoLAN\VLC\lua\playlist\liveleak.luac
lua debug: Trying Lua playlist script C:\Program Files\VideoLAN\VLC\lua\playlist\newgrounds.luac
lua debug: Trying Lua playlist script C:\Program Files\VideoLAN\VLC\lua\playlist\rockbox_fm_presets.luac
lua debug: Trying Lua playlist script C:\Program Files\VideoLAN\VLC\lua\playlist\soundcloud.luac
lua debug: Trying Lua playlist script C:\Program Files\VideoLAN\VLC\lua\playlist\twitch.luac
lua debug: Trying Lua playlist script C:\Program Files\VideoLAN\VLC\lua\playlist\vimeo.luac
lua debug: Trying Lua playlist script C:\Program Files\VideoLAN\VLC\lua\playlist\vocaroo.luac
lua debug: Trying Lua playlist script C:\Program Files\VideoLAN\VLC\lua\playlist\youtube.luac
main debug: no stream_filter modules matched
main debug: looking for stream_directory module matching "any": 1 candidates
main debug: no stream_directory modules matched
main debug: attachment of directory-extractor failed for file://networkpath/music/Anno%201404/a445_victorious.mp3
main debug: looking for stream_filter module matching "record": 24 candidates
main debug: using stream_filter module "record"
main debug: creating demux: access='file' demux='any' location='networkpath/music/Anno%201404/a445_victorious.mp3' file='\\networkpath\music\Anno 1404\a445_victorious.mp3'
main debug: looking for demux module matching "any": 55 candidates
es debug: detected format mpga
main debug: looking for packetizer module matching "any": 25 candidates
main debug: using packetizer module "mpegaudio"
mpegaudio debug: MPGA channels:2 samplerate:44100 bitrate:160
main debug: selecting program id=0
main debug: using demux module "es"
main debug: looking for a subtitle file in \\networkpath\music\Anno 1404\
main debug: looking for audio decoder module matching "any": 23 candidates
mpg123 debug: mpga->f32l, bits per sample: 32
main debug: using audio decoder module "mpg123"
main debug: looking for meta reader module matching "any": 2 candidates
main debug: using meta reader module "taglib"
main debug: removing module "taglib"
main debug: `file://networkpath/music/Anno%201404/a445_victorious.mp3' successfully opened
main debug: Buffering 0%
main debug: Buffering 1%
main debug: reusing audio output
main debug: looking for aout stream module matching "any": 2 candidates
wasapi debug: buffer size : 88200 frames
wasapi debug: maximum latency: 000 ns
wasapi debug: default period : 10000000 ns
wasapi debug: minimum period : 3000000 ns
main debug: using aout stream module "wasapi"
main debug: output 'f32l' 44100 Hz Stereo frame=1 samples/8 bytes
main debug: looking for audio volume module matching "any": 2 candidates
main debug: using audio volume module "float_mixer"
main debug: input 'f32l' 44100 Hz Stereo frame=1 samples/8 bytes
main debug: looking for audio filter module matching "scaletempo": 16 candidates
scaletempo debug: format: 44100 rate, 2 nch, 4 bps, fl32
scaletempo debug: params: 30 stride, 0.200 overlap, 14 search
scaletempo debug: 1.000 scale, 1323.000 stride_in, 1323 stride_out, 1059 standing, 264 overlap, 617 search, 2204 queue, fl32 mode
main debug: using audio filter module "scaletempo"
main debug: conversion: 'f32l'->'f32l' 44100 Hz->44100 Hz Stereo->Stereo
main debug: conversion pipeline complete
main debug: conversion: 'f32l'->'f32l' 44100 Hz->44100 Hz Stereo->Stereo
main debug: conversion pipeline complete
main debug: looking for audio resampler module matching "any": 3 candidates
main debug: using audio resampler module "samplerate"
main debug: Buffering 2%
main debug: Buffering 3%
main debug: Buffering 4%
main debug: Buffering 5%
main debug: Buffering 6%
main debug: Buffering 7%
main debug: Buffering 8%
main debug: Buffering 9%
main debug: Buffering 10%
main debug: Buffering 11%
main debug: Buffering 12%
main debug: Buffering 13%
main debug: Buffering 14%
main debug: Buffering 15%
main debug: Buffering 16%
main debug: Buffering 17%
main debug: Buffering 18%
main debug: Buffering 19%
main debug: Buffering 20%
main debug: Buffering 21%
main debug: Buffering 22%
main debug: Buffering 23%
main debug: Buffering 24%
main debug: Buffering 25%
main debug: Buffering 26%
main debug: Buffering 27%
main debug: Buffering 28%
main debug: Buffering 29%
main debug: Buffering 30%
main debug: Buffering 31%
main debug: Buffering 32%
main debug: Buffering 33%
main debug: Buffering 34%
main debug: Buffering 35%
main debug: Buffering 36%
main debug: Buffering 37%
main debug: Buffering 38%
main debug: Buffering 39%
main debug: Buffering 40%
main debug: Buffering 41%
main debug: Buffering 42%
main debug: Buffering 43%
main debug: Buffering 44%
main debug: Buffering 45%
main debug: Buffering 46%
main debug: Buffering 47%
main debug: Buffering 48%
main debug: Buffering 49%
main debug: Buffering 50%
main debug: Buffering 51%
main debug: Buffering 52%
main debug: Buffering 53%
main debug: Buffering 54%
main debug: Buffering 55%
main debug: Buffering 56%
main debug: Buffering 57%
main debug: Buffering 58%
main debug: Buffering 59%
main debug: Buffering 60%
main debug: Buffering 61%
main debug: Buffering 62%
main debug: Buffering 63%
main debug: Buffering 64%
main debug: Buffering 65%
main debug: Buffering 66%
main debug: Buffering 67%
main debug: Buffering 68%
main debug: Buffering 69%
main debug: Buffering 70%
main debug: Buffering 71%
main debug: Buffering 72%
main debug: Buffering 73%
main debug: Buffering 74%
main debug: Buffering 75%
main debug: Buffering 76%
main debug: Buffering 77%
main debug: Buffering 78%
main debug: Buffering 79%
main debug: Buffering 80%
main debug: Buffering 81%
main debug: Buffering 82%
main debug: Buffering 83%
main debug: Buffering 84%
main debug: Buffering 85%
main debug: Buffering 86%
main debug: Buffering 87%
main debug: Buffering 88%
main debug: Buffering 89%
main debug: Buffering 90%
main debug: Buffering 91%
main debug: Buffering 92%
main debug: Buffering 93%
main debug: Buffering 94%
main debug: Buffering 95%
main debug: Buffering 96%
main debug: Buffering 97%
main debug: Buffering 98%
main debug: Buffering 99%
main debug: Stream buffering done (3004 ms in 10167 ms)
main debug: Decoder wait done in 0 ms
main debug: inserting 2745 zeroes
mmdevice debug: state changed: 1
main warning: buffer too late (-293634 us): dropped
main warning: buffer too late (-267512 us): dropped
main warning: buffer too late (-241389 us): dropped
main warning: buffer too late (-215267 us): dropped
main warning: buffer too late (-190144 us): dropped
main warning: buffer too late (-164022 us): dropped
main warning: buffer too late (-137899 us): dropped
main warning: buffer too late (-111777 us): dropped
main warning: buffer too late (-85654 us): dropped
main debug: playback too late (148442): flushing buffers
mmdevice debug: state changed: 0
wasapi debug: reset
main warning: playback too late (62529): up-sampling
mmdevice debug: state changed: 1
main error: ES_OUT_SET_(GROUP_)PCR is called too late (pts_delay increased to 7015 ms)
main debug: ES_OUT_RESET_PCR called
main debug: Buffering 0%
mmdevice debug: state changed: 0
wasapi debug: reset
main debug: Buffering 1%
main debug: Buffering 2%
main debug: Buffering 3%
main debug: Buffering 4%
main debug: Buffering 5%
main debug: Buffering 6%
main debug: Buffering 7%
main debug: Buffering 8%
main debug: Buffering 9%
main debug: Buffering 10%
main debug: Buffering 11%
main debug: Buffering 12%
main debug: Buffering 13%
main debug: Buffering 14%
main debug: Buffering 15%
main debug: Buffering 16%
main debug: Buffering 17%
main debug: Buffering 18%
main debug: Buffering 19%
main debug: Buffering 20%
main debug: Buffering 21%
main debug: Buffering 22%
main debug: Buffering 23%
main debug: Buffering 24%
main debug: Buffering 25%
main debug: Buffering 26%
main debug: Buffering 27%
main debug: Buffering 28%
main debug: Buffering 29%
main debug: Buffering 30%
main debug: Buffering 31%
main debug: Buffering 32%
main debug: Buffering 33%
main debug: Buffering 34%
main debug: Buffering 35%
main debug: Buffering 36%
main debug: Buffering 37%
main debug: Buffering 38%
main debug: Buffering 39%
main debug: Buffering 40%
main debug: Buffering 41%
main debug: Buffering 42%
main debug: Buffering 43%
main debug: Buffering 44%
main debug: Buffering 45%
main debug: Buffering 46%
main debug: Buffering 47%
main debug: Buffering 48%
main debug: Buffering 49%
main debug: Buffering 50%
main debug: Buffering 51%
main debug: Buffering 52%
main debug: Buffering 53%
main debug: Buffering 54%
main debug: Buffering 55%
main debug: Buffering 56%
main debug: Buffering 57%
main debug: Buffering 58%
main debug: Buffering 59%
main debug: Buffering 60%
main debug: Buffering 61%
main debug: Buffering 62%
main debug: Buffering 63%
main debug: Buffering 64%
main debug: Buffering 65%
main debug: Buffering 66%
main debug: Buffering 67%
main debug: Buffering 68%
main debug: Buffering 69%
main debug: Buffering 70%
main debug: Buffering 71%
main debug: Buffering 72%
main debug: Buffering 73%
main debug: Buffering 74%
main debug: Buffering 75%
main debug: Buffering 76%
main debug: Buffering 77%
main debug: Buffering 78%
main debug: Buffering 79%
main debug: Buffering 80%
main debug: Buffering 81%
main debug: Buffering 82%
main debug: Buffering 83%
main debug: Buffering 84%
main debug: Buffering 85%
main debug: Buffering 86%
main debug: Buffering 87%
main debug: Buffering 88%
main debug: Buffering 89%
main debug: Buffering 90%
main debug: Buffering 91%
main debug: Buffering 92%
main debug: Buffering 93%
main debug: Buffering 94%
main debug: Buffering 95%
main debug: Buffering 96%
main debug: Buffering 97%
main debug: Buffering 98%
main debug: Buffering 99%
main debug: Stream buffering done (7026 ms in 20332 ms)
main debug: Decoder wait done in 0 ms
mmdevice debug: state changed: 1
main warning: buffer too late (-108756 us): dropped
main warning: buffer too late (-82634 us): dropped
main debug: playback too late (83426): flushing buffers
mmdevice debug: state changed: 0
wasapi debug: reset
mmdevice debug: state changed: 1
main warning: playback too late (61275): up-sampling
main error: ES_OUT_SET_(GROUP_)PCR is called too late (jitter of 10221 ms ignored)
main error: Timestamp conversion failed for 15203265: no reference clock
main error: Could not convert timestamp 0 for mpg123
main debug: discarded audio buffer
main warning: playback way too early (-1999288): playing silence
main debug: inserting 88168 zeroes
main error: ES_OUT_SET_(GROUP_)PCR is called too late (pts_delay increased to 7044 ms)
main debug: ES_OUT_RESET_PCR called
main debug: Buffering 0%
mmdevice debug: state changed: 0
wasapi debug: reset
main debug: Buffering 1%
main debug: Buffering 2%
main debug: Buffering 3%
main debug: Buffering 4%
main debug: Buffering 5%
main debug: Buffering 6%
main debug: Buffering 7%
main debug: Buffering 8%
main debug: Buffering 9%
main debug: Buffering 10%
main debug: Buffering 11%
main debug: Buffering 12%
main debug: Buffering 13%
main debug: Buffering 14%
main debug: Buffering 15%
main debug: Buffering 16%
main debug: Buffering 17%
main debug: Buffering 18%
main debug: Buffering 19%
main debug: Buffering 20%
main debug: Buffering 21%
main debug: Buffering 22%
main debug: Buffering 23%
main debug: Buffering 24%
main debug: Buffering 25%
main debug: Buffering 26%
main debug: Buffering 27%
main debug: Buffering 28%
main debug: Buffering 29%
main debug: Buffering 30%
main debug: Buffering 31%
main debug: Buffering 32%
main debug: Buffering 33%
main debug: Buffering 34%
main debug: Buffering 35%
main debug: Buffering 36%
main debug: Buffering 37%
main debug: Buffering 38%
main debug: Buffering 39%
main debug: Buffering 40%
main debug: Buffering 41%
main debug: Buffering 42%
main debug: Buffering 43%
main debug: Buffering 44%
main debug: Buffering 45%
main debug: Buffering 46%
main debug: Buffering 47%
main debug: Buffering 48%
main debug: Buffering 49%
main debug: Buffering 50%
main debug: Buffering 51%
main debug: Buffering 52%
main debug: Buffering 53%
main debug: Buffering 54%
main debug: Buffering 55%
main debug: Buffering 56%
main debug: Buffering 57%
main debug: Buffering 58%
main debug: Buffering 59%
main debug: Buffering 60%
main debug: Buffering 61%
main debug: Buffering 62%
main debug: Buffering 63%
main debug: Buffering 64%
main debug: Buffering 65%
main debug: Buffering 66%
main debug: Buffering 67%
main debug: Buffering 68%
main debug: Buffering 69%
main debug: Buffering 70%
main debug: Buffering 71%
main debug: Buffering 72%
main debug: Buffering 73%
main debug: Buffering 74%
main debug: Buffering 75%
main debug: Buffering 76%
main debug: Buffering 77%
main debug: Buffering 78%
main debug: Buffering 79%
main debug: Buffering 80%
main debug: Buffering 81%
main debug: Buffering 82%
main debug: Buffering 83%
main debug: Buffering 84%
main debug: Buffering 85%
main debug: Buffering 86%
main debug: Buffering 87%
main debug: Buffering 88%
main debug: Buffering 89%
main debug: Buffering 90%
main debug: Buffering 91%
main debug: Buffering 92%
main debug: Buffering 93%
main debug: Buffering 94%
main debug: Buffering 95%
main debug: Buffering 96%
main debug: Buffering 97%
main debug: Buffering 98%
main debug: Buffering 99%
main debug: Stream buffering done (7053 ms in 20632 ms)
main debug: Decoder wait done in 0 ms
mmdevice debug: state changed: 1
main warning: buffer too late (-227756 us): dropped
main warning: buffer too late (-202634 us): dropped
main warning: buffer too late (-176511 us): dropped
main warning: buffer too late (-150389 us): dropped
main warning: buffer too late (-124266 us): dropped
main warning: buffer too late (-98144 us): dropped
main warning: buffer too late (-72021 us): dropped
main debug: playback too late (73018): flushing buffers
mmdevice debug: state changed: 0
wasapi debug: reset
mmdevice debug: state changed: 1
main warning: playback too late (60897): up-sampling
main error: ES_OUT_SET_(GROUP_)PCR is called too late (jitter of 10578 ms ignored)
main error: Timestamp conversion failed for 29622857: no reference clock
main error: Could not convert timestamp 0 for mpg123
main debug: discarded audio buffer
main warning: playback way too early (-1998104): playing silence
main debug: inserting 88116 zeroes
main error: ES_OUT_SET_(GROUP_)PCR is called too late (pts_delay increased to 7060 ms)
main debug: ES_OUT_RESET_PCR called
main debug: Buffering 0%
mmdevice debug: state changed: 0
wasapi debug: reset
main debug: Buffering 1%
main debug: Buffering 2%
main debug: Buffering 3%
main debug: Buffering 4%
main debug: Buffering 5%
main debug: Buffering 6%
main debug: Buffering 7%
main debug: Buffering 8%
main debug: Buffering 9%
main debug: Buffering 10%
main debug: Buffering 11%
main debug: Buffering 12%
main debug: Buffering 13%
main debug: Buffering 14%
main debug: Buffering 15%
main debug: Buffering 16%
main debug: Buffering 17%
main debug: Buffering 18%
main debug: Buffering 19%
main debug: Buffering 20%
main debug: Buffering 21%
main debug: Buffering 22%
main debug: Buffering 23%
main debug: Buffering 24%
main debug: Buffering 25%
main debug: Buffering 26%
main debug: Buffering 27%
main debug: Buffering 28%
main debug: Buffering 29%
main debug: Buffering 30%
main debug: Buffering 31%
main debug: Buffering 32%
main debug: Buffering 33%
main debug: Buffering 34%
main debug: Buffering 35%
main debug: Buffering 36%
main debug: Buffering 37%
main debug: Buffering 38%
main debug: EOF reached
main debug: Stream buffering done (2716 ms in 8079 ms)
main debug: Decoder wait done in 0 ms
main debug: waiting decoder fifos to empty
mmdevice debug: state changed: 1
main debug: waiting decoder fifos to empty
main debug: waiting decoder fifos to empty
main debug: waiting decoder fifos to empty
main debug: waiting decoder fifos to empty
main debug: waiting decoder fifos to empty
main debug: waiting decoder fifos to empty
main debug: waiting decoder fifos to empty
main debug: waiting decoder fifos to empty
main debug: waiting decoder fifos to empty
main debug: waiting decoder fifos to empty
main debug: waiting decoder fifos to empty
main debug: waiting decoder fifos to empty
main debug: waiting decoder fifos to empty
main debug: waiting decoder fifos to empty
main debug: waiting decoder fifos to empty
main debug: waiting decoder fifos to empty
main debug: waiting decoder fifos to empty
main debug: waiting decoder fifos to empty
main debug: waiting decoder fifos to empty
main debug: waiting decoder fifos to empty
main debug: waiting decoder fifos to empty
main debug: waiting decoder fifos to empty
main debug: waiting decoder fifos to empty
main debug: waiting decoder fifos to empty
main debug: waiting decoder fifos to empty
main debug: waiting decoder fifos to empty
main debug: waiting decoder fifos to empty
main debug: killing decoder fourcc `mpga'
main debug: removing module "mpg123"
mmdevice debug: state changed: 0
wasapi debug: reset
main debug: removing module "samplerate"
main debug: removing module "scaletempo"
main debug: removing module "float_mixer"
main debug: keeping audio output
main debug: removing module "es"
main debug: removing module "mpegaudio"
main debug: removing module "record"
main debug: removing module "skiptags"
main debug: removing module "cache_read"
main debug: removing module "filesystem"
main debug: Program doesn't contain anymore ES
main debug: dead input
main debug: changing item without a request (current 83/91)
main debug: using item 84

