https://pastebin.ubuntu.com/p/gZMtXgqkx4/

main debug: processing request item: 1. Main Titles - The Pillars of the Earth Soundtrack - Trevor Morris-TqlgSfgsA7Y.m4a, node: Wiedergabeliste, skip: 0
main debug: resyncing on 1. Main Titles - The Pillars of the Earth Soundtrack - Trevor Morris-TqlgSfgsA7Y.m4a
main debug: 1. Main Titles - The Pillars of the Earth Soundtrack - Trevor Morris-TqlgSfgsA7Y.m4a is at 90
main debug: starting playback of new item
main debug: resyncing on 1. Main Titles - The Pillars of the Earth Soundtrack - Trevor Morris-TqlgSfgsA7Y.m4a
main debug: 1. Main Titles - The Pillars of the Earth Soundtrack - Trevor Morris-TqlgSfgsA7Y.m4a is at 90
main debug: creating new input thread
main debug: Creating an input for '1. Main Titles - The Pillars of the Earth Soundtrack - Trevor Morris-TqlgSfgsA7Y.m4a'
main debug: requesting art for new input thread
main debug: using timeshift granularity of 50 MiB
main debug: using timeshift path: C:\Users\ADMINI~2\AppData\Local\Temp
main debug: `file://networkpath/music/The%20Pillars%20of%20the%20Earth%20-%20Trevor%20Morris/1.%20Main%20Titles%20-%20The%20Pillars%20of%20the%20Earth%20Soundtrack%20-%20Trevor%20Morris-TqlgSfgsA7Y.m4a' gives access `file' demux `any' path `networkpath/music/The%20Pillars%20of%20the%20Earth%20-%20Trevor%20Morris/1.%20Main%20Titles%20-%20The%20Pillars%20of%20the%20Earth%20Soundtrack%20-%20Trevor%20Morris-TqlgSfgsA7Y.m4a'
main debug: creating demux: access='file' demux='any' location='networkpath/music/The%20Pillars%20of%20the%20Earth%20-%20Trevor%20Morris/1.%20Main%20Titles%20-%20The%20Pillars%20of%20the%20Earth%20Soundtrack%20-%20Trevor%20Morris-TqlgSfgsA7Y.m4a' file='\\networkpath\music\The Pillars of the Earth - Trevor Morris\1. Main Titles - The Pillars of the Earth Soundtrack - Trevor Morris-TqlgSfgsA7Y.m4a'
main debug: looking for access_demux module matching "file": 15 candidates
main debug: looking for meta fetcher module matching "any": 1 candidates
lua debug: Trying Lua scripts in C:\Users\SomeUser\AppData\Roaming\vlc\lua\meta\fetcher
lua debug: Trying Lua scripts in C:\Program Files\VideoLAN\VLC\lua\meta\fetcher
main debug: no meta fetcher modules matched
main debug: looking for art finder module matching "any": 2 candidates
qt debug: IM: Setting an input
lua debug: Trying Lua scripts in C:\Users\SomeUser\AppData\Roaming\vlc\lua\meta\art
lua debug: Trying Lua scripts in C:\Program Files\VideoLAN\VLC\lua\meta\art
lua debug: Trying Lua playlist script C:\Program Files\VideoLAN\VLC\lua\meta\art\00_musicbrainz.luac
lua debug: skipping script (unmatched scope) C:\Program Files\VideoLAN\VLC\lua\meta\art\00_musicbrainz.luac
lua debug: Trying Lua playlist script C:\Program Files\VideoLAN\VLC\lua\meta\art\01_googleimage.luac
lua debug: skipping script (unmatched scope) C:\Program Files\VideoLAN\VLC\lua\meta\art\01_googleimage.luac
lua debug: Trying Lua playlist script C:\Program Files\VideoLAN\VLC\lua\meta\art\02_frenchtv.luac
lua debug: skipping script (unmatched scope) C:\Program Files\VideoLAN\VLC\lua\meta\art\02_frenchtv.luac
lua debug: Trying Lua playlist script C:\Program Files\VideoLAN\VLC\lua\meta\art\03_lastfm.luac
lua debug: skipping script (unmatched scope) C:\Program Files\VideoLAN\VLC\lua\meta\art\03_lastfm.luac
main debug: no art finder modules matched
main debug: no access_demux modules matched
main debug: creating access: file://networkpath/music/The%20Pillars%20of%20the%20Earth%20-%20Trevor%20Morris/1.%20Main%20Titles%20-%20The%20Pillars%20of%20the%20Earth%20Soundtrack%20-%20Trevor%20Morris-TqlgSfgsA7Y.m4a
main debug: (path: \\networkpath\music\The Pillars of the Earth - Trevor Morris\1. Main Titles - The Pillars of the Earth Soundtrack - Trevor Morris-TqlgSfgsA7Y.m4a)
main debug: looking for access module matching "file": 26 candidates
main debug: using access module "filesystem"
main debug: looking for stream_filter module matching "prefetch,cache_read": 24 candidates
cache_read debug: Using stream method for AStream*
cache_read debug: starting pre-buffering
cache_read debug: received first data after 0 ms
cache_read debug: pre-buffering done 1024 bytes in 0s - 1000000 KiB/s
main debug: using stream_filter module "cache_read"
main debug: looking for stream_filter module matching "any": 24 candidates
lua debug: Trying Lua scripts in C:\Users\SomeUser\AppData\Roaming\vlc\lua\playlist
lua debug: Trying Lua scripts in C:\Program Files\VideoLAN\VLC\lua\playlist
lua debug: Trying Lua playlist script C:\Program Files\VideoLAN\VLC\lua\playlist\anevia_streams.luac
lua debug: Trying Lua playlist script C:\Program Files\VideoLAN\VLC\lua\playlist\anevia_xml.luac
lua debug: Trying Lua playlist script C:\Program Files\VideoLAN\VLC\lua\playlist\appletrailers.luac
lua debug: Trying Lua playlist script C:\Program Files\VideoLAN\VLC\lua\playlist\bbc_co_uk.luac
lua debug: Trying Lua playlist script C:\Program Files\VideoLAN\VLC\lua\playlist\cue.luac
lua debug: Trying Lua playlist script C:\Program Files\VideoLAN\VLC\lua\playlist\dailymotion.luac
lua debug: Trying Lua playlist script C:\Program Files\VideoLAN\VLC\lua\playlist\jamendo.luac
lua debug: Trying Lua playlist script C:\Program Files\VideoLAN\VLC\lua\playlist\koreus.luac
lua debug: Trying Lua playlist script C:\Program Files\VideoLAN\VLC\lua\playlist\liveleak.luac
lua debug: Trying Lua playlist script C:\Program Files\VideoLAN\VLC\lua\playlist\newgrounds.luac
lua debug: Trying Lua playlist script C:\Program Files\VideoLAN\VLC\lua\playlist\rockbox_fm_presets.luac
lua debug: Trying Lua playlist script C:\Program Files\VideoLAN\VLC\lua\playlist\soundcloud.luac
lua debug: Trying Lua playlist script C:\Program Files\VideoLAN\VLC\lua\playlist\twitch.luac
lua debug: Trying Lua playlist script C:\Program Files\VideoLAN\VLC\lua\playlist\vimeo.luac
lua debug: Trying Lua playlist script C:\Program Files\VideoLAN\VLC\lua\playlist\vocaroo.luac
lua debug: Trying Lua playlist script C:\Program Files\VideoLAN\VLC\lua\playlist\youtube.luac
main debug: no stream_filter modules matched
main debug: looking for stream_directory module matching "any": 1 candidates
main debug: no stream_directory modules matched
main debug: attachment of directory-extractor failed for file://networkpath/music/The%20Pillars%20of%20the%20Earth%20-%20Trevor%20Morris/1.%20Main%20Titles%20-%20The%20Pillars%20of%20the%20Earth%20Soundtrack%20-%20Trevor%20Morris-TqlgSfgsA7Y.m4a
main debug: looking for stream_filter module matching "record": 24 candidates
main debug: using stream_filter module "record"
main debug: creating demux: access='file' demux='any' location='networkpath/music/The%20Pillars%20of%20the%20Earth%20-%20Trevor%20Morris/1.%20Main%20Titles%20-%20The%20Pillars%20of%20the%20Earth%20Soundtrack%20-%20Trevor%20Morris-TqlgSfgsA7Y.m4a' file='\\networkpath\music\The Pillars of the Earth - Trevor Morris\1. Main Titles - The Pillars of the Earth Soundtrack - Trevor Morris-TqlgSfgsA7Y.m4a'
main debug: looking for demux module matching "mp4": 55 candidates
mp4 debug: dumping root Box "root"
mp4 debug: | + ftyp size 28 offset 0
mp4 debug: | + free size 8 offset 28
mp4 debug: | + mdat size 897918 offset 36
mp4 debug: | + moov size 10480 offset 897954
mp4 debug: | | + mvhd size 108 offset 897962
mp4 debug: | | + trak size 10266 offset 898070
mp4 debug: | | | + tkhd size 92 offset 898078
mp4 debug: | | | + edts size 36 offset 898170
mp4 debug: | | | | + elst size 28 offset 898178
mp4 debug: | | | + mdia size 10130 offset 898206
mp4 debug: | | | | + mdhd size 32 offset 898214
mp4 debug: | | | | + hdlr size 95 offset 898246
mp4 debug: | | | | + minf size 9995 offset 898341
mp4 debug: | | | | | + smhd size 16 offset 898349
mp4 debug: | | | | | + dinf size 36 offset 898365
mp4 debug: | | | | | | + dref size 28 offset 898373
mp4 debug: | | | | | | | + url size 12 offset 898389
mp4 debug: | | | | | + stbl size 9935 offset 898401
mp4 debug: | | | | | | + stsd size 117 offset 898409
mp4 debug: | | | | | | | + mp4a size 101 offset 898425
mp4 debug: | | | | | | | | + esds size 65 offset 898461
mp4 debug: | | | | | | + stts size 24 offset 898526
mp4 debug: | | | | | | + stsc size 28 offset 898550
mp4 debug: | | | | | | + stsz size 9684 offset 898578
mp4 debug: | | | | | | + stco size 20 offset 908262
mp4 debug: | | | | | | + sgpd size 26 offset 908282
mp4 debug: | | | | | | + sbgp size 28 offset 908308
mp4 debug: | | + udta size 98 offset 908336
mp4 debug: | | | + meta size 90 offset 908344
mp4 debug: | | | | + hdlr size 33 offset 908356
mp4 debug: | | | | + ilst size 45 offset 908389
mp4 debug: | | | | | + ctoo size 37 offset 908397
mp4 debug: | | | | | | + data size 29 offset 908405
mp4 debug: ISO Media (isom) version 512.
mp4 debug: found 1 tracks
mp4 warning: elst box found
mp4 debug: - [0] duration=56100ms media time=0ms) rate=1.0
mp4 debug: track[Id 0x1] read 1 chunk
mp4 warning: STTS table of 1 entries
mp4 debug: track[Id 0x1] read 2416 samples length:56s
main debug: selecting program id=0
mp4 debug: adding track[Id 0x1] audio (enable) language eng
main debug: using demux module "mp4"
main debug: looking for a subtitle file in \\networkpath\music\The Pillars of the Earth - Trevor Morris\
main debug: looking for audio decoder module matching "any": 23 candidates
main debug: using audio decoder module "faad"
main debug: looking for meta reader module matching "any": 2 candidates
main debug: using meta reader module "taglib"
main debug: removing module "taglib"
main debug: `file://networkpath/music/The%20Pillars%20of%20the%20Earth%20-%20Trevor%20Morris/1.%20Main%20Titles%20-%20The%20Pillars%20of%20the%20Earth%20Soundtrack%20-%20Trevor%20Morris-TqlgSfgsA7Y.m4a' successfully opened
mp4 debug: elst (0) gives 0ms (movie)-> 0ms (track)
main debug: Buffering 0%
faad warning: decoded zero sample
main debug: reusing audio output
main debug: looking for aout stream module matching "any": 2 candidates
main debug: Buffering 8%
main debug: Buffering 16%
main debug: Buffering 25%
main debug: Buffering 33%
main debug: Buffering 41%
main debug: Buffering 50%
main debug: Buffering 58%
main debug: Buffering 66%
main debug: Buffering 75%
main debug: Buffering 83%
main debug: Buffering 91%
main debug: Buffering 100%
main debug: Stream buffering done (3250 ms in 11 ms)
wasapi debug: buffer size : 88200 frames
wasapi debug: maximum latency: 000 ns
wasapi debug: default period : 10000000 ns
wasapi debug: minimum period : 3000000 ns
main debug: using aout stream module "wasapi"
main debug: output 'f32l' 44100 Hz Stereo frame=1 samples/8 bytes
main debug: looking for audio volume module matching "any": 2 candidates
main debug: using audio volume module "float_mixer"
main debug: input 'f32l' 44100 Hz Stereo frame=1 samples/8 bytes
main debug: looking for audio filter module matching "scaletempo": 16 candidates
scaletempo debug: format: 44100 rate, 2 nch, 4 bps, fl32
scaletempo debug: params: 30 stride, 0.200 overlap, 14 search
scaletempo debug: 1.000 scale, 1323.000 stride_in, 1323 stride_out, 1059 standing, 264 overlap, 617 search, 2204 queue, fl32 mode
main debug: using audio filter module "scaletempo"
main debug: conversion: 'f32l'->'f32l' 44100 Hz->44100 Hz Stereo->Stereo
main debug: conversion pipeline complete
main debug: conversion: 'f32l'->'f32l' 44100 Hz->44100 Hz Stereo->Stereo
main debug: conversion pipeline complete
main debug: looking for audio resampler module matching "any": 3 candidates
main debug: using audio resampler module "samplerate"
main debug: Decoder wait done in 183 ms
main debug: inserting 1465 zeroes
mmdevice debug: state changed: 1
main debug: EOF reached
main debug: waiting decoder fifos to empty
main debug: waiting decoder fifos to empty
main debug: waiting decoder fifos to empty
main debug: waiting decoder fifos to empty
main debug: waiting decoder fifos to empty
main debug: waiting decoder fifos to empty
main debug: waiting decoder fifos to empty
main debug: waiting decoder fifos to empty
main debug: waiting decoder fifos to empty
main debug: waiting decoder fifos to empty
main debug: waiting decoder fifos to empty
main debug: waiting decoder fifos to empty
main debug: waiting decoder fifos to empty
main debug: waiting decoder fifos to empty
main debug: waiting decoder fifos to empty
main debug: waiting decoder fifos to empty
main debug: waiting decoder fifos to empty
main debug: waiting decoder fifos to empty
main debug: waiting decoder fifos to empty
main debug: waiting decoder fifos to empty
main debug: waiting decoder fifos to empty
main debug: waiting decoder fifos to empty
main debug: waiting decoder fifos to empty
main debug: waiting decoder fifos to empty
main debug: waiting decoder fifos to empty
main debug: waiting decoder fifos to empty
main debug: waiting decoder fifos to empty
main debug: waiting decoder fifos to empty
main debug: waiting decoder fifos to empty
main debug: waiting decoder fifos to empty
main debug: killing decoder fourcc `mp4a'
main debug: removing module "faad"
mmdevice debug: state changed: 0
wasapi debug: reset
main debug: removing module "samplerate"
main debug: removing module "scaletempo"
main debug: removing module "float_mixer"
main debug: keeping audio output
main debug: removing module "mp4"
mp4 debug: freeing all memory
main debug: Program doesn't contain anymore ES
main debug: removing module "record"
main debug: removing module "cache_read"
main debug: removing module "filesystem"
main debug: dead input
main debug: changing item without a request (current 90/91)
main debug: nothing to play
qt debug: IM: Deleting the input
